<?xml version="1.0" encoding="UTF-8"?>
<!-- Generated by org.testng.reporters.JUnitReportReporter -->
<testsuite hostname="Shiva" name="Database.TestDatabase" tests="1" failures="0" timestamp="28 Sep 2017 12:30:58 GMT" time="2.564" errors="0">
  <testcase name="TestVerifyDB" time="2.564" classname="Database.TestDatabase"/>
</testsuite> <!-- Database.TestDatabase -->
