<?xml version="1.0" encoding="UTF-8"?>
<!-- Generated by org.testng.reporters.JUnitReportReporter -->
<testsuite hostname="Shiva" name="Pack1.ReadExcelUsingJXL" tests="1" failures="0" timestamp="20 Sep 2017 13:02:25 GMT" time="0.550" errors="0">
  <testcase name="TestReadData" time="0.550" classname="Pack1.ReadExcelUsingJXL"/>
</testsuite> <!-- Pack1.ReadExcelUsingJXL -->
