<?xml version="1.0" encoding="UTF-8"?>
<!-- Generated by org.testng.reporters.JUnitReportReporter -->
<testsuite hostname="Shiva" name="Pack1.VerifyAlertWithPredefinedcode" tests="1" failures="0" timestamp="13 Sep 2017 15:27:46 GMT" time="42.810" errors="0">
  <testcase name="TestAL" time="42.810" classname="Pack1.VerifyAlertWithPredefinedcode"/>
</testsuite> <!-- Pack1.VerifyAlertWithPredefinedcode -->
