<?xml version="1.0" encoding="UTF-8"?>
<!-- Generated by org.testng.reporters.JUnitReportReporter -->
<testsuite hostname="Shiva" name="Pack1.GridTesting" tests="1" failures="0" timestamp="26 Sep 2017 15:16:13 GMT" time="55.554" errors="1">
  <testcase name="runFirefox" time="55.554" classname="Pack1.GridTesting">
    <error type="org.openqa.selenium.WebDriverException" message="Unable to connect to host 127.0.0.1 on port 7057 after 45000 ms. Firefox console output:
\fxdriver@googlecode.com&quot;,&quot;installDate&quot;:1506438925539,&quot;updateDate&quot;:1506438925539,&quot;applyBackgroundUpdates&quot;:1,&quot;bootstrap&quot;:false,&quot;size&quot;:3222757,&quot;sourceURI&quot;:null,&quot;releaseNotesURI&quot;:null,&quot;softDisabled&quot;:false,&quot;foreignInstall&quot;:true,&quot;hasBinaryComponents&quot;:true,&quot;strictCompatibility&quot;:false,&quot;locales&quot;:[],&quot;targetApplications&quot;:[{&quot;id&quot;:&quot;{ec8030f7-c20a-464f-9b0e-13a3a9e97384}&quot;,&quot;minVersion&quot;:&quot;3.0&quot;,&quot;maxVersion&quot;:&quot;45.0&quot;}],&quot;targetPlatforms&quot;:[{&quot;os&quot;:&quot;Darwin&quot;,&quot;abi&quot;:null},{&quot;os&quot;:&quot;SunOS&quot;,&quot;abi&quot;:null},{&quot;os&quot;:&quot;FreeBSD&quot;,&quot;abi&quot;:null},{&quot;os&quot;:&quot;OpenBSD&quot;,&quot;abi&quot;:null},{&quot;os&quot;:&quot;WINNT&quot;,&quot;abi&quot;:&quot;x86-msvc&quot;},{&quot;os&quot;:&quot;Linux&quot;,&quot;abi&quot;:null}],&quot;multiprocessCompatible&quot;:false,&quot;signedState&quot;:0}
1506438926975	addons.xpi	DEBUG	Updating XPIState for {&quot;id&quot;:&quot;{972ce4c6-7e08-4474-a285-3208198ce6fd}&quot;,&quot;syncGUID&quot;:&quot;8lXD5EbU7iI3&quot;,&quot;location&quot;:&quot;app-global&quot;,&quot;version&quot;:&quot;44.0.2&quot;,&quot;type&quot;:&quot;theme&quot;,&quot;internalName&quot;:&quot;classic/1.0&quot;,&quot;updateURL&quot;:null,&quot;updateKey&quot;:null,&quot;optionsURL&quot;:null,&quot;optionsType&quot;:null,&quot;aboutURL&quot;:null,&quot;icons&quot;:{&quot;32&quot;:&quot;icon.png&quot;,&quot;48&quot;:&quot;icon.png&quot;},&quot;iconURL&quot;:null,&quot;icon64URL&quot;:null,&quot;defaultLocale&quot;:{&quot;name&quot;:&quot;Default&quot;,&quot;description&quot;:&quot;The default theme.&quot;,&quot;creator&quot;:&quot;Mozilla&quot;,&quot;homepageURL&quot;:null,&quot;contributors&quot;:[&quot;Mozilla Contributors&quot;]},&quot;visible&quot;:true,&quot;active&quot;:true,&quot;userDisabled&quot;:false,&quot;appDisabled&quot;:false,&quot;descriptor&quot;:&quot;C:\\Program Files (x86)\\Mozilla Firefox\\browser\\extensions\\{972ce4c6-7e08-4474-a285-3208198ce6fd}&quot;,&quot;installDate&quot;:1505815207816,&quot;updateDate&quot;:1505815207816,&quot;applyBackgroundUpdates&quot;:1,&quot;skinnable&quot;:true,&quot;size&quot;:24172,&quot;sourceURI&quot;:null,&quot;releaseNotesURI&quot;:null,&quot;softDisabled&quot;:false,&quot;foreignInstall&quot;:false,&quot;hasBinaryComponents&quot;:false,&quot;strictCompatibility&quot;:true,&quot;locales&quot;:[],&quot;targetApplications&quot;:[{&quot;id&quot;:&quot;{ec8030f7-c20a-464f-9b0e-13a3a9e97384}&quot;,&quot;minVersion&quot;:&quot;44.0.2&quot;,&quot;maxVersion&quot;:&quot;44.0.2&quot;}],&quot;targetPlatforms&quot;:[]}
1506438926976	addons.xpi	DEBUG	getModTime: Recursive scan of {972ce4c6-7e08-4474-a285-3208198ce6fd}
1506438926981	DeferredSave.extensions.json	DEBUG	Save changes
1506438926982	addons.xpi	DEBUG	Updating database with changes to installed add-ons
1506438926983	addons.xpi-utils	DEBUG	Updating add-on states
1506438926986	addons.xpi-utils	DEBUG	Writing add-ons list
1506438927034	addons.manager	DEBUG	Registering shutdown blocker for XPIProvider
1506438927035	addons.manager	DEBUG	Provider finished startup: XPIProvider
1506438927036	addons.manager	DEBUG	Starting provider: LightweightThemeManager
1506438927036	addons.manager	DEBUG	Registering shutdown blocker for LightweightThemeManager
1506438927037	addons.manager	DEBUG	Provider finished startup: LightweightThemeManager
1506438927040	addons.manager	DEBUG	Starting provider: GMPProvider
1506438927070	addons.manager	DEBUG	Registering shutdown blocker for GMPProvider
1506438927072	addons.manager	DEBUG	Provider finished startup: GMPProvider
1506438927072	addons.manager	DEBUG	Starting provider: PluginProvider
1506438927073	addons.manager	DEBUG	Registering shutdown blocker for PluginProvider
1506438927074	addons.manager	DEBUG	Provider finished startup: PluginProvider
1506438927076	addons.manager	DEBUG	Completed startup sequence
1506438928919	addons.manager	DEBUG	Starting provider: &lt;unnamed-provider&gt;
1506438928920	addons.manager	DEBUG	Registering shutdown blocker for &lt;unnamed-provider&gt;
1506438928923	addons.manager	DEBUG	Provider finished startup: &lt;unnamed-provider&gt;
1506438929928	DeferredSave.extensions.json	DEBUG	Starting write
1506438933384	addons.repository	DEBUG	No addons.json found.
1506438933386	DeferredSave.addons.json	DEBUG	Save changes
1506438933396	DeferredSave.addons.json	DEBUG	Starting timer
1506438933443	addons.manager	DEBUG	Starting provider: PreviousExperimentProvider
1506438933444	addons.manager	DEBUG	Registering shutdown blocker for PreviousExperimentProvider
1506438933445	addons.manager	DEBUG	Provider finished startup: PreviousExperimentProvider
1506438934387	DeferredSave.extensions.json	DEBUG	Write succeeded
1506438934389	addons.xpi-utils	DEBUG	XPI Database saved, setting schema version preference to 17
1506438934392	DeferredSave.addons.json	DEBUG	Starting write
1506438935275	DeferredSave.addons.json	DEBUG	Write succeeded

Command duration or timeout: 53.42 seconds
Build info: version: &#039;2.53.1&#039;, revision: &#039;a36b8b1&#039;, time: &#039;2016-06-30 17:32:46&#039;
System info: host: &#039;Shiva&#039;, ip: &#039;192.168.60.1&#039;, os.name: &#039;Windows 10&#039;, os.arch: &#039;amd64&#039;, os.version: &#039;10.0&#039;, java.version: &#039;1.8.0_65&#039;
Driver info: org.openqa.selenium.remote.RemoteWebDriver">
      <![CDATA[org.openqa.selenium.WebDriverException: Unable to connect to host 127.0.0.1 on port 7057 after 45000 ms. Firefox console output:
\fxdriver@googlecode.com","installDate":1506438925539,"updateDate":1506438925539,"applyBackgroundUpdates":1,"bootstrap":false,"size":3222757,"sourceURI":null,"releaseNotesURI":null,"softDisabled":false,"foreignInstall":true,"hasBinaryComponents":true,"strictCompatibility":false,"locales":[],"targetApplications":[{"id":"{ec8030f7-c20a-464f-9b0e-13a3a9e97384}","minVersion":"3.0","maxVersion":"45.0"}],"targetPlatforms":[{"os":"Darwin","abi":null},{"os":"SunOS","abi":null},{"os":"FreeBSD","abi":null},{"os":"OpenBSD","abi":null},{"os":"WINNT","abi":"x86-msvc"},{"os":"Linux","abi":null}],"multiprocessCompatible":false,"signedState":0}
1506438926975	addons.xpi	DEBUG	Updating XPIState for {"id":"{972ce4c6-7e08-4474-a285-3208198ce6fd}","syncGUID":"8lXD5EbU7iI3","location":"app-global","version":"44.0.2","type":"theme","internalName":"classic/1.0","updateURL":null,"updateKey":null,"optionsURL":null,"optionsType":null,"aboutURL":null,"icons":{"32":"icon.png","48":"icon.png"},"iconURL":null,"icon64URL":null,"defaultLocale":{"name":"Default","description":"The default theme.","creator":"Mozilla","homepageURL":null,"contributors":["Mozilla Contributors"]},"visible":true,"active":true,"userDisabled":false,"appDisabled":false,"descriptor":"C:\\Program Files (x86)\\Mozilla Firefox\\browser\\extensions\\{972ce4c6-7e08-4474-a285-3208198ce6fd}","installDate":1505815207816,"updateDate":1505815207816,"applyBackgroundUpdates":1,"skinnable":true,"size":24172,"sourceURI":null,"releaseNotesURI":null,"softDisabled":false,"foreignInstall":false,"hasBinaryComponents":false,"strictCompatibility":true,"locales":[],"targetApplications":[{"id":"{ec8030f7-c20a-464f-9b0e-13a3a9e97384}","minVersion":"44.0.2","maxVersion":"44.0.2"}],"targetPlatforms":[]}
1506438926976	addons.xpi	DEBUG	getModTime: Recursive scan of {972ce4c6-7e08-4474-a285-3208198ce6fd}
1506438926981	DeferredSave.extensions.json	DEBUG	Save changes
1506438926982	addons.xpi	DEBUG	Updating database with changes to installed add-ons
1506438926983	addons.xpi-utils	DEBUG	Updating add-on states
1506438926986	addons.xpi-utils	DEBUG	Writing add-ons list
1506438927034	addons.manager	DEBUG	Registering shutdown blocker for XPIProvider
1506438927035	addons.manager	DEBUG	Provider finished startup: XPIProvider
1506438927036	addons.manager	DEBUG	Starting provider: LightweightThemeManager
1506438927036	addons.manager	DEBUG	Registering shutdown blocker for LightweightThemeManager
1506438927037	addons.manager	DEBUG	Provider finished startup: LightweightThemeManager
1506438927040	addons.manager	DEBUG	Starting provider: GMPProvider
1506438927070	addons.manager	DEBUG	Registering shutdown blocker for GMPProvider
1506438927072	addons.manager	DEBUG	Provider finished startup: GMPProvider
1506438927072	addons.manager	DEBUG	Starting provider: PluginProvider
1506438927073	addons.manager	DEBUG	Registering shutdown blocker for PluginProvider
1506438927074	addons.manager	DEBUG	Provider finished startup: PluginProvider
1506438927076	addons.manager	DEBUG	Completed startup sequence
1506438928919	addons.manager	DEBUG	Starting provider: <unnamed-provider>
1506438928920	addons.manager	DEBUG	Registering shutdown blocker for <unnamed-provider>
1506438928923	addons.manager	DEBUG	Provider finished startup: <unnamed-provider>
1506438929928	DeferredSave.extensions.json	DEBUG	Starting write
1506438933384	addons.repository	DEBUG	No addons.json found.
1506438933386	DeferredSave.addons.json	DEBUG	Save changes
1506438933396	DeferredSave.addons.json	DEBUG	Starting timer
1506438933443	addons.manager	DEBUG	Starting provider: PreviousExperimentProvider
1506438933444	addons.manager	DEBUG	Registering shutdown blocker for PreviousExperimentProvider
1506438933445	addons.manager	DEBUG	Provider finished startup: PreviousExperimentProvider
1506438934387	DeferredSave.extensions.json	DEBUG	Write succeeded
1506438934389	addons.xpi-utils	DEBUG	XPI Database saved, setting schema version preference to 17
1506438934392	DeferredSave.addons.json	DEBUG	Starting write
1506438935275	DeferredSave.addons.json	DEBUG	Write succeeded

Command duration or timeout: 53.42 seconds
Build info: version: '2.53.1', revision: 'a36b8b1', time: '2016-06-30 17:32:46'
System info: host: 'Shiva', ip: '192.168.60.1', os.name: 'Windows 10', os.arch: 'amd64', os.version: '10.0', java.version: '1.8.0_65'
Driver info: org.openqa.selenium.remote.RemoteWebDriver
	at sun.reflect.NativeConstructorAccessorImpl.newInstance0(Native Method)
	at sun.reflect.NativeConstructorAccessorImpl.newInstance(NativeConstructorAccessorImpl.java:62)
	at sun.reflect.DelegatingConstructorAccessorImpl.newInstance(DelegatingConstructorAccessorImpl.java:45)
	at java.lang.reflect.Constructor.newInstance(Constructor.java:422)
	at org.openqa.selenium.remote.ErrorHandler.createThrowable(ErrorHandler.java:206)
	at org.openqa.selenium.remote.ErrorHandler.throwIfResponseFailed(ErrorHandler.java:158)
	at org.openqa.selenium.remote.RemoteWebDriver.execute(RemoteWebDriver.java:678)
	at org.openqa.selenium.remote.RemoteWebDriver.startSession(RemoteWebDriver.java:249)
	at org.openqa.selenium.remote.RemoteWebDriver.<init>(RemoteWebDriver.java:131)
	at org.openqa.selenium.remote.RemoteWebDriver.<init>(RemoteWebDriver.java:158)
	at Pack1.GridTesting.runFirefox(GridTesting.java:28)
	at sun.reflect.NativeMethodAccessorImpl.invoke0(Native Method)
	at sun.reflect.NativeMethodAccessorImpl.invoke(NativeMethodAccessorImpl.java:62)
	at sun.reflect.DelegatingMethodAccessorImpl.invoke(DelegatingMethodAccessorImpl.java:43)
	at java.lang.reflect.Method.invoke(Method.java:497)
	at org.testng.internal.MethodInvocationHelper.invokeMethod(MethodInvocationHelper.java:85)
	at org.testng.internal.Invoker.invokeMethod(Invoker.java:639)
	at org.testng.internal.Invoker.invokeTestMethod(Invoker.java:816)
	at org.testng.internal.Invoker.invokeTestMethods(Invoker.java:1124)
	at org.testng.internal.TestMethodWorker.invokeTestMethods(TestMethodWorker.java:125)
	at org.testng.internal.TestMethodWorker.run(TestMethodWorker.java:108)
	at org.testng.TestRunner.privateRun(TestRunner.java:774)
	at org.testng.TestRunner.run(TestRunner.java:624)
	at org.testng.SuiteRunner.runTest(SuiteRunner.java:359)
	at org.testng.SuiteRunner.runSequentially(SuiteRunner.java:354)
	at org.testng.SuiteRunner.privateRun(SuiteRunner.java:312)
	at org.testng.SuiteRunner.run(SuiteRunner.java:261)
	at org.testng.SuiteRunnerWorker.runSuite(SuiteRunnerWorker.java:52)
	at org.testng.SuiteRunnerWorker.run(SuiteRunnerWorker.java:86)
	at org.testng.TestNG.runSuitesSequentially(TestNG.java:1215)
	at org.testng.TestNG.runSuitesLocally(TestNG.java:1140)
	at org.testng.TestNG.run(TestNG.java:1048)
	at org.testng.remote.AbstractRemoteTestNG.run(AbstractRemoteTestNG.java:126)
	at org.testng.remote.RemoteTestNG.initAndRun(RemoteTestNG.java:137)
	at org.testng.remote.RemoteTestNG.main(RemoteTestNG.java:58)
Caused by: org.openqa.selenium.remote.ErrorHandler$UnknownServerException: Unable to connect to host 127.0.0.1 on port 7057 after 45000 ms. Firefox console output:
\fxdriver@googlecode.com","installDate":1506438925539,"updateDate":1506438925539,"applyBackgroundUpdates":1,"bootstrap":false,"size":3222757,"sourceURI":null,"releaseNotesURI":null,"softDisabled":false,"foreignInstall":true,"hasBinaryComponents":true,"strictCompatibility":false,"locales":[],"targetApplications":[{"id":"{ec8030f7-c20a-464f-9b0e-13a3a9e97384}","minVersion":"3.0","maxVersion":"45.0"}],"targetPlatforms":[{"os":"Darwin","abi":null},{"os":"SunOS","abi":null},{"os":"FreeBSD","abi":null},{"os":"OpenBSD","abi":null},{"os":"WINNT","abi":"x86-msvc"},{"os":"Linux","abi":null}],"multiprocessCompatible":false,"signedState":0}
1506438926975	addons.xpi	DEBUG	Updating XPIState for {"id":"{972ce4c6-7e08-4474-a285-3208198ce6fd}","syncGUID":"8lXD5EbU7iI3","location":"app-global","version":"44.0.2","type":"theme","internalName":"classic/1.0","updateURL":null,"updateKey":null,"optionsURL":null,"optionsType":null,"aboutURL":null,"icons":{"32":"icon.png","48":"icon.png"},"iconURL":null,"icon64URL":null,"defaultLocale":{"name":"Default","description":"The default theme.","creator":"Mozilla","homepageURL":null,"contributors":["Mozilla Contributors"]},"visible":true,"active":true,"userDisabled":false,"appDisabled":false,"descriptor":"C:\\Program Files (x86)\\Mozilla Firefox\\browser\\extensions\\{972ce4c6-7e08-4474-a285-3208198ce6fd}","installDate":1505815207816,"updateDate":1505815207816,"applyBackgroundUpdates":1,"skinnable":true,"size":24172,"sourceURI":null,"releaseNotesURI":null,"softDisabled":false,"foreignInstall":false,"hasBinaryComponents":false,"strictCompatibility":true,"locales":[],"targetApplications":[{"id":"{ec8030f7-c20a-464f-9b0e-13a3a9e97384}","minVersion":"44.0.2","maxVersion":"44.0.2"}],"targetPlatforms":[]}
1506438926976	addons.xpi	DEBUG	getModTime: Recursive scan of {972ce4c6-7e08-4474-a285-3208198ce6fd}
1506438926981	DeferredSave.extensions.json	DEBUG	Save changes
1506438926982	addons.xpi	DEBUG	Updating database with changes to installed add-ons
1506438926983	addons.xpi-utils	DEBUG	Updating add-on states
1506438926986	addons.xpi-utils	DEBUG	Writing add-ons list
1506438927034	addons.manager	DEBUG	Registering shutdown blocker for XPIProvider
1506438927035	addons.manager	DEBUG	Provider finished startup: XPIProvider
1506438927036	addons.manager	DEBUG	Starting provider: LightweightThemeManager
1506438927036	addons.manager	DEBUG	Registering shutdown blocker for LightweightThemeManager
1506438927037	addons.manager	DEBUG	Provider finished startup: LightweightThemeManager
1506438927040	addons.manager	DEBUG	Starting provider: GMPProvider
1506438927070	addons.manager	DEBUG	Registering shutdown blocker for GMPProvider
1506438927072	addons.manager	DEBUG	Provider finished startup: GMPProvider
1506438927072	addons.manager	DEBUG	Starting provider: PluginProvider
1506438927073	addons.manager	DEBUG	Registering shutdown blocker for PluginProvider
1506438927074	addons.manager	DEBUG	Provider finished startup: PluginProvider
1506438927076	addons.manager	DEBUG	Completed startup sequence
1506438928919	addons.manager	DEBUG	Starting provider: <unnamed-provider>
1506438928920	addons.manager	DEBUG	Registering shutdown blocker for <unnamed-provider>
1506438928923	addons.manager	DEBUG	Provider finished startup: <unnamed-provider>
1506438929928	DeferredSave.extensions.json	DEBUG	Starting write
1506438933384	addons.repository	DEBUG	No addons.json found.
1506438933386	DeferredSave.addons.json	DEBUG	Save changes
1506438933396	DeferredSave.addons.json	DEBUG	Starting timer
1506438933443	addons.manager	DEBUG	Starting provider: PreviousExperimentProvider
1506438933444	addons.manager	DEBUG	Registering shutdown blocker for PreviousExperimentProvider
1506438933445	addons.manager	DEBUG	Provider finished startup: PreviousExperimentProvider
1506438934387	DeferredSave.extensions.json	DEBUG	Write succeeded
1506438934389	addons.xpi-utils	DEBUG	XPI Database saved, setting schema version preference to 17
1506438934392	DeferredSave.addons.json	DEBUG	Starting write
1506438935275	DeferredSave.addons.json	DEBUG	Write succeeded

Build info: version: '2.53.1', revision: 'a36b8b1', time: '2016-06-30 17:32:46'
System info: host: 'Shiva', ip: '192.168.60.1', os.name: 'Windows 10', os.arch: 'amd64', os.version: '10.0', java.version: '1.8.0_65'
Driver info: driver.version: FirefoxDriver
	at org.openqa.selenium.firefox.internal.NewProfileExtensionConnection.start(NewProfileExtensionConnection.java:122)
	at org.openqa.selenium.firefox.FirefoxDriver.startClient(FirefoxDriver.java:271)
	at org.openqa.selenium.remote.RemoteWebDriver.<init>(RemoteWebDriver.java:119)
	at org.openqa.selenium.firefox.FirefoxDriver.<init>(FirefoxDriver.java:218)
	at org.openqa.selenium.firefox.FirefoxDriver.<init>(FirefoxDriver.java:211)
	at org.openqa.selenium.firefox.FirefoxDriver.<init>(FirefoxDriver.java:129)
	at sun.reflect.NativeConstructorAccessorImpl.newInstance0(Native Method)
	at sun.reflect.NativeConstructorAccessorImpl.newInstance(NativeConstructorAccessorImpl.java:62)
	at sun.reflect.DelegatingConstructorAccessorImpl.newInstance(DelegatingConstructorAccessorImpl.java:45)
	at java.lang.reflect.Constructor.newInstance(Constructor.java:422)
	at org.openqa.selenium.remote.server.FirefoxDriverProvider.callConstructor(FirefoxDriverProvider.java:91)
	at org.openqa.selenium.remote.server.FirefoxDriverProvider.newInstance(FirefoxDriverProvider.java:68)
	at org.openqa.selenium.remote.server.DefaultDriverFactory.newInstance(DefaultDriverFactory.java:60)
	at org.openqa.selenium.remote.server.DefaultSession$BrowserCreator.call(DefaultSession.java:222)
	at org.openqa.selenium.remote.server.DefaultSession$BrowserCreator.call(DefaultSession.java:1)
	at java.util.concurrent.FutureTask.run(FutureTask.java:266)
	at org.openqa.selenium.remote.server.DefaultSession$1.run(DefaultSession.java:176)
	at java.util.concurrent.ThreadPoolExecutor.runWorker(ThreadPoolExecutor.java:1142)
	at java.util.concurrent.ThreadPoolExecutor$Worker.run(ThreadPoolExecutor.java:617)
	at java.lang.Thread.run(Thread.java:745)
]]>
    </error>
  </testcase> <!-- runFirefox -->
</testsuite> <!-- Pack1.GridTesting -->
