<?xml version="1.0" encoding="UTF-8"?>
<!-- Generated by org.testng.reporters.JUnitReportReporter -->
<testsuite hostname="Shiva" name="Pack1.BaseclassExtendedByInvalidlogin" tests="2" failures="0" timestamp="15 Sep 2017 06:49:25 GMT" time="24.792" errors="0">
  <testcase name="loginToApplication1" time="7.712" classname="Pack1.BaseclassExtendedByInvalidlogin"/>
  <testcase name="loginToApplication" time="17.080" classname="Pack1.BaseclassExtendedByInvalidlogin"/>
</testsuite> <!-- Pack1.BaseclassExtendedByInvalidlogin -->
