<?xml version="1.0" encoding="UTF-8"?>
<!-- Generated by org.testng.reporters.JUnitReportReporter -->
<testsuite hostname="Shiva" name="testNGClasses.TestCase2" tests="1" failures="0" timestamp="30 Sep 2017 12:46:17 GMT" time="0.012" errors="0">
  <testcase name="testTwitter" time="0.012" classname="testNGClasses.TestCase2"/>
</testsuite> <!-- testNGClasses.TestCase2 -->
