<?xml version="1.0" encoding="UTF-8"?>
<!-- Generated by org.testng.reporters.JUnitReportReporter -->
<testsuite hostname="Shiva" name="Pack1.VerifyAlertKSRTC" tests="1" failures="0" timestamp="13 Sep 2017 15:10:40 GMT" time="53.071" errors="0">
  <testcase name="TestAL" time="53.071" classname="Pack1.VerifyAlertKSRTC"/>
</testsuite> <!-- Pack1.VerifyAlertKSRTC -->
