<?xml version="1.0" encoding="UTF-8"?>
<!-- Generated by org.testng.reporters.JUnitReportReporter -->
<testsuite hostname="Shiva" name="Practice.ReadXL_JXL" tests="1" failures="0" timestamp="26 Oct 2017 13:31:47 GMT" time="0.522" errors="0">
  <testcase name="TestReadData" time="0.522" classname="Practice.ReadXL_JXL"/>
</testsuite> <!-- Practice.ReadXL_JXL -->
