<?xml version="1.0" encoding="UTF-8"?>
<!-- Generated by org.testng.reporters.JUnitReportReporter -->
<testsuite hostname="Shiva" name="testNGClasses.GroupingOfTcs" tests="2" failures="0" timestamp="30 Sep 2017 11:30:46 GMT" time="0.002" errors="0">
  <testcase name="logout" time="0.001" classname="testNGClasses.GroupingOfTcs"/>
  <testcase name="register" time="0.001" classname="testNGClasses.GroupingOfTcs"/>
</testsuite> <!-- testNGClasses.GroupingOfTcs -->
