<?xml version="1.0" encoding="UTF-8"?>
<!-- Generated by org.testng.reporters.JUnitReportReporter -->
<testsuite hostname="Shiva" name="testNGClasses.TestCase1" tests="1" failures="0" timestamp="4 Nov 2017 10:36:45 GMT" time="0.096" errors="0">
  <testcase name="testFB1" time="0.096" classname="testNGClasses.TestCase1"/>
</testsuite> <!-- testNGClasses.TestCase1 -->
