<?xml version="1.0" encoding="UTF-8"?>
<!-- Generated by org.testng.reporters.JUnitReportReporter -->
<testsuite hostname="Shiva" name="testNGClasses.TestNGClassWithBeforeAfter2" tests="2" failures="0" timestamp="30 Sep 2017 13:36:42 GMT" time="0.049" errors="0">
  <testcase name="testTwo" time="0.014" classname="testNGClasses.TestNGClassWithBeforeAfter2"/>
  <testcase name="testOne" time="0.035" classname="testNGClasses.TestNGClassWithBeforeAfter2"/>
</testsuite> <!-- testNGClasses.TestNGClassWithBeforeAfter2 -->
