<?xml version="1.0" encoding="UTF-8"?>
<!-- Generated by org.testng.reporters.JUnitReportReporter -->
<testsuite hostname="Shiva" name="Pack1.FirstProgWDFFWithTestNG" tests="1" failures="0" timestamp="29 Sep 2017 10:39:56 GMT" time="43.773" errors="0">
  <testcase name="TestFF" time="43.773" classname="Pack1.FirstProgWDFFWithTestNG"/>
</testsuite> <!-- Pack1.FirstProgWDFFWithTestNG -->
