<?xml version="1.0" encoding="UTF-8"?>
<!-- Generated by org.testng.reporters.JUnitReportReporter -->
<testsuite hostname="Shiva" name="testNGClasses.TestNGClassWithBeforeAfter" tests="2" failures="0" timestamp="30 Sep 2017 13:36:42 GMT" time="0.062" errors="0">
  <testcase name="testTwo" time="0.016" classname="testNGClasses.TestNGClassWithBeforeAfter"/>
  <testcase name="testOne" time="0.046" classname="testNGClasses.TestNGClassWithBeforeAfter"/>
</testsuite> <!-- testNGClasses.TestNGClassWithBeforeAfter -->
