<?xml version="1.0" encoding="UTF-8"?>
<!-- Generated by org.testng.reporters.JUnitReportReporter -->
<testsuite hostname="Shiva" name="testNGClasses.CrossBrowserTest" tests="2" failures="0" timestamp="30 Sep 2017 11:30:46 GMT" time="65.646" errors="0">
  <testcase name="test1" time="24.715" classname="testNGClasses.CrossBrowserTest"/>
  <testcase name="test1" time="40.931" classname="testNGClasses.CrossBrowserTest"/>
</testsuite> <!-- testNGClasses.CrossBrowserTest -->
